Analysis & Synthesis report for pluto-spi
Thu Jan 23 14:12:49 2014
Quartus II Version 9.0 Build 235 06/17/2009 Service Pack 2 SJ Web Edition


---------------------
; Table of Contents ;
---------------------
  1. Legal Notice
  2. Analysis & Synthesis Summary
  3. Analysis & Synthesis Settings
  4. Analysis & Synthesis Source Files Read
  5. Analysis & Synthesis Resource Usage Summary
  6. Analysis & Synthesis Resource Utilization by Entity
  7. General Register Statistics
  8. Source assignments for lpm_counter:pwmcnt_rtl_0
  9. Source assignments for quad:q0|lpm_counter:c_rtl_1
 10. Source assignments for quad:q1|lpm_counter:c_rtl_2
 11. Source assignments for quad:q2|lpm_counter:c_rtl_3
 12. Source assignments for quad:q3|lpm_counter:c_rtl_4
 13. Source assignments for lpm_add_sub:Add2|addcore:adder
 14. Parameter Settings for User Entity Instance: Top-level Entity: |pluto_spi_rspi
 15. Parameter Settings for User Entity Instance: quad:q0
 16. Parameter Settings for User Entity Instance: quad:q1
 17. Parameter Settings for User Entity Instance: quad:q2
 18. Parameter Settings for User Entity Instance: quad:q3
 19. Parameter Settings for Inferred Entity Instance: lpm_counter:pwmcnt_rtl_0
 20. Parameter Settings for Inferred Entity Instance: quad:q0|lpm_counter:c_rtl_1
 21. Parameter Settings for Inferred Entity Instance: quad:q1|lpm_counter:c_rtl_2
 22. Parameter Settings for Inferred Entity Instance: quad:q2|lpm_counter:c_rtl_3
 23. Parameter Settings for Inferred Entity Instance: quad:q3|lpm_counter:c_rtl_4
 24. Parameter Settings for Inferred Entity Instance: lpm_add_sub:Add2
 25. Port Connectivity Checks: "quad:q3"
 26. Port Connectivity Checks: "quad:q2"
 27. Port Connectivity Checks: "quad:q1"
 28. Port Connectivity Checks: "quad:q0"
 29. Analysis & Synthesis Messages



----------------
; Legal Notice ;
----------------
Copyright (C) 1991-2009 Altera Corporation
Your use of Altera Corporation's design tools, logic functions 
and other software and tools, and its AMPP partner logic 
functions, and any output files from any of the foregoing 
(including device programming or simulation files), and any 
associated documentation or information are expressly subject 
to the terms and conditions of the Altera Program License 
Subscription Agreement, Altera MegaCore Function License 
Agreement, or other applicable license agreement, including, 
without limitation, that your use is for the sole purpose of 
programming logic devices manufactured by Altera and sold by 
Altera or its authorized distributors.  Please refer to the 
applicable agreement for further details.



+----------------------------------------------------------------------------+
; Analysis & Synthesis Summary                                               ;
+-----------------------------+----------------------------------------------+
; Analysis & Synthesis Status ; Successful - Thu Jan 23 14:12:49 2014        ;
; Quartus II Version          ; 9.0 Build 235 06/17/2009 SP 2 SJ Web Edition ;
; Revision Name               ; pluto-spi                                    ;
; Top-level Entity Name       ; pluto_spi_rspi                               ;
; Family                      ; ACEX1K                                       ;
; Total logic elements        ; 534                                          ;
; Total pins                  ; 47                                           ;
; Total memory bits           ; 0                                            ;
; Total PLLs                  ; 0                                            ;
+-----------------------------+----------------------------------------------+


+-----------------------------------------------------------------------------------------------+
; Analysis & Synthesis Settings                                                                 ;
+--------------------------------------------------------------+----------------+---------------+
; Option                                                       ; Setting        ; Default Value ;
+--------------------------------------------------------------+----------------+---------------+
; Device                                                       ; EP1K10TC100-3  ;               ;
; Top-level entity name                                        ; pluto_spi_rspi ; pluto-spi     ;
; Family name                                                  ; ACEX1K         ; Stratix II    ;
; Use Generated Physical Constraints File                      ; Off            ;               ;
; Use smart compilation                                        ; Off            ; Off           ;
; Create Debugging Nodes for IP Cores                          ; Off            ; Off           ;
; Preserve fewer node names                                    ; On             ; On            ;
; Disable OpenCore Plus hardware evaluation                    ; Off            ; Off           ;
; Verilog Version                                              ; Verilog_2001   ; Verilog_2001  ;
; VHDL Version                                                 ; VHDL93         ; VHDL93        ;
; State Machine Processing                                     ; Auto           ; Auto          ;
; Safe State Machine                                           ; Off            ; Off           ;
; Extract Verilog State Machines                               ; On             ; On            ;
; Extract VHDL State Machines                                  ; On             ; On            ;
; Ignore Verilog initial constructs                            ; Off            ; Off           ;
; Iteration limit for constant Verilog loops                   ; 5000           ; 5000          ;
; Iteration limit for non-constant Verilog loops               ; 250            ; 250           ;
; Add Pass-Through Logic to Inferred RAMs                      ; On             ; On            ;
; Parallel Synthesis                                           ; Off            ; Off           ;
; NOT Gate Push-Back                                           ; On             ; On            ;
; Power-Up Don't Care                                          ; On             ; On            ;
; Remove Redundant Logic Cells                                 ; Off            ; Off           ;
; Remove Duplicate Registers                                   ; On             ; On            ;
; Ignore CARRY Buffers                                         ; Off            ; Off           ;
; Ignore CASCADE Buffers                                       ; Off            ; Off           ;
; Ignore GLOBAL Buffers                                        ; Off            ; Off           ;
; Ignore ROW GLOBAL Buffers                                    ; Off            ; Off           ;
; Ignore LCELL Buffers                                         ; Off            ; Off           ;
; Ignore SOFT Buffers                                          ; On             ; On            ;
; Limit AHDL Integers to 32 Bits                               ; Off            ; Off           ;
; Auto Implement in ROM                                        ; Off            ; Off           ;
; Optimization Technique                                       ; Area           ; Area          ;
; Carry Chain Length                                           ; 32             ; 32            ;
; Cascade Chain Length                                         ; 2              ; 2             ;
; Auto Carry Chains                                            ; On             ; On            ;
; Auto Open-Drain Pins                                         ; On             ; On            ;
; Auto ROM Replacement                                         ; On             ; On            ;
; Auto RAM Replacement                                         ; On             ; On            ;
; Auto Clock Enable Replacement                                ; On             ; On            ;
; Strict RAM Replacement                                       ; Off            ; Off           ;
; Auto Resource Sharing                                        ; Off            ; Off           ;
; Allow Any RAM Size For Recognition                           ; Off            ; Off           ;
; Allow Any ROM Size For Recognition                           ; Off            ; Off           ;
; Use LogicLock Constraints during Resource Balancing          ; On             ; On            ;
; Ignore translate_off and synthesis_off directives            ; Off            ; Off           ;
; Show Parameter Settings Tables in Synthesis Report           ; On             ; On            ;
; HDL message level                                            ; Level2         ; Level2        ;
; Suppress Register Optimization Related Messages              ; Off            ; Off           ;
; Number of Removed Registers Reported in Synthesis Report     ; 100            ; 100           ;
; Number of Inverted Registers Reported in Synthesis Report    ; 100            ; 100           ;
; Block Design Naming                                          ; Auto           ; Auto          ;
; Synthesis Effort                                             ; Auto           ; Auto          ;
; Shift Register Replacement - Allow Asynchronous Clear Signal ; On             ; On            ;
; Analysis & Synthesis Message Level                           ; Medium         ; Medium        ;
+--------------------------------------------------------------+----------------+---------------+


+----------------------------------------------------------------------------------------------------------------------------------------------------------------------------------------------------------------------------------------------------------------------------------------------------------------------------------+
; Analysis & Synthesis Source Files Read                                                                                                                                                                                                                                                                                           ;
+-------------------------------------------------------------------------------------------------------------------------------------------+-----------------+------------------------+-------------------------------------------------------------------------------------------------------------------------------------------+
; File Name with User-Entered Path                                                                                                          ; Used in Netlist ; File Type              ; File Name with Absolute Path                                                                                                              ;
+-------------------------------------------------------------------------------------------------------------------------------------------+-----------------+------------------------+-------------------------------------------------------------------------------------------------------------------------------------------+
; //Gauner/matsche/src/CAM-CNC-usw/linuxcnc/tinkercnc/linuxcnc-mirror/src/hal/drivers/RaspberryPi/pluto_spi_servo_firmware/quad.v           ; yes             ; User Verilog HDL File  ; //Gauner/matsche/src/CAM-CNC-usw/linuxcnc/tinkercnc/linuxcnc-mirror/src/hal/drivers/RaspberryPi/pluto_spi_servo_firmware/quad.v           ;
; //Gauner/matsche/src/CAM-CNC-usw/linuxcnc/tinkercnc/linuxcnc-mirror/src/hal/drivers/RaspberryPi/pluto_spi_servo_firmware/spi_servo_rspi.v ; yes             ; User Verilog HDL File  ; //Gauner/matsche/src/CAM-CNC-usw/linuxcnc/tinkercnc/linuxcnc-mirror/src/hal/drivers/RaspberryPi/pluto_spi_servo_firmware/spi_servo_rspi.v ;
; lpm_counter.tdf                                                                                                                           ; yes             ; Megafunction           ; c:/altera/90sp2/quartus/libraries/megafunctions/lpm_counter.tdf                                                                           ;
; lpm_constant.inc                                                                                                                          ; yes             ; Megafunction           ; c:/altera/90sp2/quartus/libraries/megafunctions/lpm_constant.inc                                                                          ;
; lpm_decode.inc                                                                                                                            ; yes             ; Megafunction           ; c:/altera/90sp2/quartus/libraries/megafunctions/lpm_decode.inc                                                                            ;
; lpm_add_sub.inc                                                                                                                           ; yes             ; Megafunction           ; c:/altera/90sp2/quartus/libraries/megafunctions/lpm_add_sub.inc                                                                           ;
; cmpconst.inc                                                                                                                              ; yes             ; Megafunction           ; c:/altera/90sp2/quartus/libraries/megafunctions/cmpconst.inc                                                                              ;
; lpm_compare.inc                                                                                                                           ; yes             ; Megafunction           ; c:/altera/90sp2/quartus/libraries/megafunctions/lpm_compare.inc                                                                           ;
; lpm_counter.inc                                                                                                                           ; yes             ; Megafunction           ; c:/altera/90sp2/quartus/libraries/megafunctions/lpm_counter.inc                                                                           ;
; dffeea.inc                                                                                                                                ; yes             ; Megafunction           ; c:/altera/90sp2/quartus/libraries/megafunctions/dffeea.inc                                                                                ;
; alt_synch_counter.inc                                                                                                                     ; yes             ; Megafunction           ; c:/altera/90sp2/quartus/libraries/megafunctions/alt_synch_counter.inc                                                                     ;
; alt_synch_counter_f.inc                                                                                                                   ; yes             ; Megafunction           ; c:/altera/90sp2/quartus/libraries/megafunctions/alt_synch_counter_f.inc                                                                   ;
; alt_counter_f10ke.inc                                                                                                                     ; yes             ; Megafunction           ; c:/altera/90sp2/quartus/libraries/megafunctions/alt_counter_f10ke.inc                                                                     ;
; alt_counter_stratix.inc                                                                                                                   ; yes             ; Megafunction           ; c:/altera/90sp2/quartus/libraries/megafunctions/alt_counter_stratix.inc                                                                   ;
; aglobal90.inc                                                                                                                             ; yes             ; Megafunction           ; c:/altera/90sp2/quartus/libraries/megafunctions/aglobal90.inc                                                                             ;
; alt_counter_f10ke.tdf                                                                                                                     ; yes             ; Megafunction           ; c:/altera/90sp2/quartus/libraries/megafunctions/alt_counter_f10ke.tdf                                                                     ;
; flex10ke_lcell.inc                                                                                                                        ; yes             ; Megafunction           ; c:/altera/90sp2/quartus/libraries/megafunctions/flex10ke_lcell.inc                                                                        ;
; lpm_add_sub.tdf                                                                                                                           ; yes             ; Megafunction           ; c:/altera/90sp2/quartus/libraries/megafunctions/lpm_add_sub.tdf                                                                           ;
; addcore.inc                                                                                                                               ; yes             ; Megafunction           ; c:/altera/90sp2/quartus/libraries/megafunctions/addcore.inc                                                                               ;
; look_add.inc                                                                                                                              ; yes             ; Megafunction           ; c:/altera/90sp2/quartus/libraries/megafunctions/look_add.inc                                                                              ;
; bypassff.inc                                                                                                                              ; yes             ; Megafunction           ; c:/altera/90sp2/quartus/libraries/megafunctions/bypassff.inc                                                                              ;
; altshift.inc                                                                                                                              ; yes             ; Megafunction           ; c:/altera/90sp2/quartus/libraries/megafunctions/altshift.inc                                                                              ;
; alt_stratix_add_sub.inc                                                                                                                   ; yes             ; Megafunction           ; c:/altera/90sp2/quartus/libraries/megafunctions/alt_stratix_add_sub.inc                                                                   ;
; alt_mercury_add_sub.inc                                                                                                                   ; yes             ; Megafunction           ; c:/altera/90sp2/quartus/libraries/megafunctions/alt_mercury_add_sub.inc                                                                   ;
; addcore.tdf                                                                                                                               ; yes             ; Megafunction           ; c:/altera/90sp2/quartus/libraries/megafunctions/addcore.tdf                                                                               ;
; a_csnbuffer.inc                                                                                                                           ; yes             ; Megafunction           ; c:/altera/90sp2/quartus/libraries/megafunctions/a_csnbuffer.inc                                                                           ;
; a_csnbuffer.tdf                                                                                                                           ; yes             ; Megafunction           ; c:/altera/90sp2/quartus/libraries/megafunctions/a_csnbuffer.tdf                                                                           ;
; altshift.tdf                                                                                                                              ; yes             ; Megafunction           ; c:/altera/90sp2/quartus/libraries/megafunctions/altshift.tdf                                                                              ;
+-------------------------------------------------------------------------------------------------------------------------------------------+-----------------+------------------------+-------------------------------------------------------------------------------------------------------------------------------------------+


+---------------------------------------------+
; Analysis & Synthesis Resource Usage Summary ;
+-----------------------------------+---------+
; Resource                          ; Usage   ;
+-----------------------------------+---------+
; Total logic elements              ; 534     ;
; Total combinational functions     ; 363     ;
;     -- Total 4-input functions    ; 201     ;
;     -- Total 3-input functions    ; 58      ;
;     -- Total 2-input functions    ; 83      ;
;     -- Total 1-input functions    ; 9       ;
;     -- Total 0-input functions    ; 12      ;
; Total registers                   ; 278     ;
; Total logic cells in carry chains ; 72      ;
; I/O pins                          ; 47      ;
; Maximum fan-out node              ; clk     ;
; Maximum fan-out                   ; 278     ;
; Total fan-out                     ; 1889    ;
; Average fan-out                   ; 3.25    ;
+-----------------------------------+---------+


+------------------------------------------------------------------------------------------------------------------------------------------------------------------------------------------------------------------------------------------------------------------------------+
; Analysis & Synthesis Resource Utilization by Entity                                                                                                                                                                                                                          ;
+-------------------------------------------+-------------+--------------+-------------+------+--------------+-------------------+------------------+-----------------+------------+----------------------------------------------------------------------------+--------------+
; Compilation Hierarchy Node                ; Logic Cells ; LC Registers ; Memory Bits ; Pins ; LUT-Only LCs ; Register-Only LCs ; LUT/Register LCs ; Carry Chain LCs ; Packed LCs ; Full Hierarchy Name                                                        ; Library Name ;
+-------------------------------------------+-------------+--------------+-------------+------+--------------+-------------------+------------------+-----------------+------------+----------------------------------------------------------------------------+--------------+
; |pluto_spi_rspi                           ; 534 (347)   ; 278          ; 0           ; 47   ; 256 (232)    ; 171 (91)          ; 107 (24)         ; 72 (1)          ; 0 (0)      ; |pluto_spi_rspi                                                            ; work         ;
;    |lpm_add_sub:Add2|                     ; 4 (0)       ; 0            ; 0           ; 0    ; 4 (0)        ; 0 (0)             ; 0 (0)            ; 4 (0)           ; 0 (0)      ; |pluto_spi_rspi|lpm_add_sub:Add2                                           ; work         ;
;       |addcore:adder|                     ; 4 (1)       ; 0            ; 0           ; 0    ; 4 (1)        ; 0 (0)             ; 0 (0)            ; 4 (1)           ; 0 (0)      ; |pluto_spi_rspi|lpm_add_sub:Add2|addcore:adder                             ; work         ;
;          |a_csnbuffer:result_node|        ; 3 (3)       ; 0            ; 0           ; 0    ; 3 (3)        ; 0 (0)             ; 0 (0)            ; 3 (3)           ; 0 (0)      ; |pluto_spi_rspi|lpm_add_sub:Add2|addcore:adder|a_csnbuffer:result_node     ; work         ;
;    |lpm_counter:pwmcnt_rtl_0|             ; 11 (0)      ; 11           ; 0           ; 0    ; 0 (0)        ; 0 (0)             ; 11 (0)           ; 11 (0)          ; 0 (0)      ; |pluto_spi_rspi|lpm_counter:pwmcnt_rtl_0                                   ; work         ;
;       |alt_counter_f10ke:wysi_counter|    ; 11 (11)     ; 11           ; 0           ; 0    ; 0 (0)        ; 0 (0)             ; 11 (11)          ; 11 (11)         ; 0 (0)      ; |pluto_spi_rspi|lpm_counter:pwmcnt_rtl_0|alt_counter_f10ke:wysi_counter    ; work         ;
;    |quad:q0|                              ; 43 (29)     ; 38           ; 0           ; 0    ; 5 (5)        ; 20 (20)           ; 18 (4)           ; 14 (0)          ; 0 (0)      ; |pluto_spi_rspi|quad:q0                                                    ; work         ;
;       |lpm_counter:c_rtl_1|               ; 14 (0)      ; 14           ; 0           ; 0    ; 0 (0)        ; 0 (0)             ; 14 (0)           ; 14 (0)          ; 0 (0)      ; |pluto_spi_rspi|quad:q0|lpm_counter:c_rtl_1                                ; work         ;
;          |alt_counter_f10ke:wysi_counter| ; 14 (14)     ; 14           ; 0           ; 0    ; 0 (0)        ; 0 (0)             ; 14 (14)          ; 14 (14)         ; 0 (0)      ; |pluto_spi_rspi|quad:q0|lpm_counter:c_rtl_1|alt_counter_f10ke:wysi_counter ; work         ;
;    |quad:q1|                              ; 43 (29)     ; 38           ; 0           ; 0    ; 5 (5)        ; 20 (20)           ; 18 (4)           ; 14 (0)          ; 0 (0)      ; |pluto_spi_rspi|quad:q1                                                    ; work         ;
;       |lpm_counter:c_rtl_2|               ; 14 (0)      ; 14           ; 0           ; 0    ; 0 (0)        ; 0 (0)             ; 14 (0)           ; 14 (0)          ; 0 (0)      ; |pluto_spi_rspi|quad:q1|lpm_counter:c_rtl_2                                ; work         ;
;          |alt_counter_f10ke:wysi_counter| ; 14 (14)     ; 14           ; 0           ; 0    ; 0 (0)        ; 0 (0)             ; 14 (14)          ; 14 (14)         ; 0 (0)      ; |pluto_spi_rspi|quad:q1|lpm_counter:c_rtl_2|alt_counter_f10ke:wysi_counter ; work         ;
;    |quad:q2|                              ; 43 (29)     ; 38           ; 0           ; 0    ; 5 (5)        ; 20 (20)           ; 18 (4)           ; 14 (0)          ; 0 (0)      ; |pluto_spi_rspi|quad:q2                                                    ; work         ;
;       |lpm_counter:c_rtl_3|               ; 14 (0)      ; 14           ; 0           ; 0    ; 0 (0)        ; 0 (0)             ; 14 (0)           ; 14 (0)          ; 0 (0)      ; |pluto_spi_rspi|quad:q2|lpm_counter:c_rtl_3                                ; work         ;
;          |alt_counter_f10ke:wysi_counter| ; 14 (14)     ; 14           ; 0           ; 0    ; 0 (0)        ; 0 (0)             ; 14 (14)          ; 14 (14)         ; 0 (0)      ; |pluto_spi_rspi|quad:q2|lpm_counter:c_rtl_3|alt_counter_f10ke:wysi_counter ; work         ;
;    |quad:q3|                              ; 43 (29)     ; 38           ; 0           ; 0    ; 5 (5)        ; 20 (20)           ; 18 (4)           ; 14 (0)          ; 0 (0)      ; |pluto_spi_rspi|quad:q3                                                    ; work         ;
;       |lpm_counter:c_rtl_4|               ; 14 (0)      ; 14           ; 0           ; 0    ; 0 (0)        ; 0 (0)             ; 14 (0)           ; 14 (0)          ; 0 (0)      ; |pluto_spi_rspi|quad:q3|lpm_counter:c_rtl_4                                ; work         ;
;          |alt_counter_f10ke:wysi_counter| ; 14 (14)     ; 14           ; 0           ; 0    ; 0 (0)        ; 0 (0)             ; 14 (14)          ; 14 (14)         ; 0 (0)      ; |pluto_spi_rspi|quad:q3|lpm_counter:c_rtl_4|alt_counter_f10ke:wysi_counter ; work         ;
+-------------------------------------------+-------------+--------------+-------------+------+--------------+-------------------+------------------+-----------------+------------+----------------------------------------------------------------------------+--------------+
Note: For table entries with two numbers listed, the numbers in parentheses indicate the number of resources of the given type used by the specific entity alone. The numbers listed outside of parentheses indicate the total resources of the given type used by the specific entity and all of its sub-entities in the hierarchy.


+------------------------------------------------------+
; General Register Statistics                          ;
+----------------------------------------------+-------+
; Statistic                                    ; Value ;
+----------------------------------------------+-------+
; Total registers                              ; 278   ;
; Number of registers using Synchronous Clear  ; 0     ;
; Number of registers using Synchronous Load   ; 1     ;
; Number of registers using Asynchronous Clear ; 0     ;
; Number of registers using Asynchronous Load  ; 0     ;
; Number of registers using Clock Enable       ; 213   ;
; Number of registers using Preset             ; 0     ;
+----------------------------------------------+-------+


+-------------------------------------------------+
; Source assignments for lpm_counter:pwmcnt_rtl_0 ;
+---------------------------+-------+------+------+
; Assignment                ; Value ; From ; To   ;
+---------------------------+-------+------+------+
; SUPPRESS_DA_RULE_INTERNAL ; a101  ; -    ; -    ;
; SUPPRESS_DA_RULE_INTERNAL ; s102  ; -    ; -    ;
; SUPPRESS_DA_RULE_INTERNAL ; s103  ; -    ; -    ;
+---------------------------+-------+------+------+


+----------------------------------------------------+
; Source assignments for quad:q0|lpm_counter:c_rtl_1 ;
+---------------------------+-------+------+---------+
; Assignment                ; Value ; From ; To      ;
+---------------------------+-------+------+---------+
; SUPPRESS_DA_RULE_INTERNAL ; a101  ; -    ; -       ;
; SUPPRESS_DA_RULE_INTERNAL ; s102  ; -    ; -       ;
; SUPPRESS_DA_RULE_INTERNAL ; s103  ; -    ; -       ;
+---------------------------+-------+------+---------+


+----------------------------------------------------+
; Source assignments for quad:q1|lpm_counter:c_rtl_2 ;
+---------------------------+-------+------+---------+
; Assignment                ; Value ; From ; To      ;
+---------------------------+-------+------+---------+
; SUPPRESS_DA_RULE_INTERNAL ; a101  ; -    ; -       ;
; SUPPRESS_DA_RULE_INTERNAL ; s102  ; -    ; -       ;
; SUPPRESS_DA_RULE_INTERNAL ; s103  ; -    ; -       ;
+---------------------------+-------+------+---------+


+----------------------------------------------------+
; Source assignments for quad:q2|lpm_counter:c_rtl_3 ;
+---------------------------+-------+------+---------+
; Assignment                ; Value ; From ; To      ;
+---------------------------+-------+------+---------+
; SUPPRESS_DA_RULE_INTERNAL ; a101  ; -    ; -       ;
; SUPPRESS_DA_RULE_INTERNAL ; s102  ; -    ; -       ;
; SUPPRESS_DA_RULE_INTERNAL ; s103  ; -    ; -       ;
+---------------------------+-------+------+---------+


+----------------------------------------------------+
; Source assignments for quad:q3|lpm_counter:c_rtl_4 ;
+---------------------------+-------+------+---------+
; Assignment                ; Value ; From ; To      ;
+---------------------------+-------+------+---------+
; SUPPRESS_DA_RULE_INTERNAL ; a101  ; -    ; -       ;
; SUPPRESS_DA_RULE_INTERNAL ; s102  ; -    ; -       ;
; SUPPRESS_DA_RULE_INTERNAL ; s103  ; -    ; -       ;
+---------------------------+-------+------+---------+


+-------------------------------------------------------+
; Source assignments for lpm_add_sub:Add2|addcore:adder ;
+---------------------------+-------+------+------------+
; Assignment                ; Value ; From ; To         ;
+---------------------------+-------+------+------------+
; SUPPRESS_DA_RULE_INTERNAL ; A103  ; -    ; -          ;
+---------------------------+-------+------+------------+


+--------------------------------------------------------------------------------+
; Parameter Settings for User Entity Instance: Top-level Entity: |pluto_spi_rspi ;
+----------------+-------+-------------------------------------------------------+
; Parameter Name ; Value ; Type                                                  ;
+----------------+-------+-------------------------------------------------------+
; QW             ; 14    ; Signed Integer                                        ;
+----------------+-------+-------------------------------------------------------+
Note: In order to hide this table in the UI and the text report file, please set the "Show Parameter Settings Tables in Synthesis Report" option in "Analysis and Synthesis Settings -> More Settings" to "Off".


+------------------------------------------------------+
; Parameter Settings for User Entity Instance: quad:q0 ;
+----------------+-------+-----------------------------+
; Parameter Name ; Value ; Type                        ;
+----------------+-------+-----------------------------+
; W              ; 14    ; Signed Integer              ;
+----------------+-------+-----------------------------+
Note: In order to hide this table in the UI and the text report file, please set the "Show Parameter Settings Tables in Synthesis Report" option in "Analysis and Synthesis Settings -> More Settings" to "Off".


+------------------------------------------------------+
; Parameter Settings for User Entity Instance: quad:q1 ;
+----------------+-------+-----------------------------+
; Parameter Name ; Value ; Type                        ;
+----------------+-------+-----------------------------+
; W              ; 14    ; Signed Integer              ;
+----------------+-------+-----------------------------+
Note: In order to hide this table in the UI and the text report file, please set the "Show Parameter Settings Tables in Synthesis Report" option in "Analysis and Synthesis Settings -> More Settings" to "Off".


+------------------------------------------------------+
; Parameter Settings for User Entity Instance: quad:q2 ;
+----------------+-------+-----------------------------+
; Parameter Name ; Value ; Type                        ;
+----------------+-------+-----------------------------+
; W              ; 14    ; Signed Integer              ;
+----------------+-------+-----------------------------+
Note: In order to hide this table in the UI and the text report file, please set the "Show Parameter Settings Tables in Synthesis Report" option in "Analysis and Synthesis Settings -> More Settings" to "Off".


+------------------------------------------------------+
; Parameter Settings for User Entity Instance: quad:q3 ;
+----------------+-------+-----------------------------+
; Parameter Name ; Value ; Type                        ;
+----------------+-------+-----------------------------+
; W              ; 14    ; Signed Integer              ;
+----------------+-------+-----------------------------+
Note: In order to hide this table in the UI and the text report file, please set the "Show Parameter Settings Tables in Synthesis Report" option in "Analysis and Synthesis Settings -> More Settings" to "Off".


+---------------------------------------------------------------------------+
; Parameter Settings for Inferred Entity Instance: lpm_counter:pwmcnt_rtl_0 ;
+------------------------+-------------------+------------------------------+
; Parameter Name         ; Value             ; Type                         ;
+------------------------+-------------------+------------------------------+
; AUTO_CARRY_CHAINS      ; ON                ; AUTO_CARRY                   ;
; IGNORE_CARRY_BUFFERS   ; OFF               ; IGNORE_CARRY                 ;
; AUTO_CASCADE_CHAINS    ; ON                ; AUTO_CASCADE                 ;
; IGNORE_CASCADE_BUFFERS ; OFF               ; IGNORE_CASCADE               ;
; LPM_WIDTH              ; 11                ; Untyped                      ;
; LPM_DIRECTION          ; UP                ; Untyped                      ;
; LPM_MODULUS            ; 0                 ; Untyped                      ;
; LPM_AVALUE             ; UNUSED            ; Untyped                      ;
; LPM_SVALUE             ; UNUSED            ; Untyped                      ;
; LPM_PORT_UPDOWN        ; PORT_CONNECTIVITY ; Untyped                      ;
; DEVICE_FAMILY          ; ACEX1K            ; Untyped                      ;
; CARRY_CHAIN            ; MANUAL            ; Untyped                      ;
; CARRY_CHAIN_LENGTH     ; 48                ; CARRY_CHAIN_LENGTH           ;
; NOT_GATE_PUSH_BACK     ; ON                ; NOT_GATE_PUSH_BACK           ;
; CARRY_CNT_EN           ; SMART             ; Untyped                      ;
; LABWIDE_SCLR           ; ON                ; Untyped                      ;
; USE_NEW_VERSION        ; TRUE              ; Untyped                      ;
; CBXI_PARAMETER         ; NOTHING           ; Untyped                      ;
+------------------------+-------------------+------------------------------+
Note: In order to hide this table in the UI and the text report file, please set the "Show Parameter Settings Tables in Synthesis Report" option in "Analysis and Synthesis Settings -> More Settings" to "Off".


+------------------------------------------------------------------------------+
; Parameter Settings for Inferred Entity Instance: quad:q0|lpm_counter:c_rtl_1 ;
+------------------------+-------------------+---------------------------------+
; Parameter Name         ; Value             ; Type                            ;
+------------------------+-------------------+---------------------------------+
; AUTO_CARRY_CHAINS      ; ON                ; AUTO_CARRY                      ;
; IGNORE_CARRY_BUFFERS   ; OFF               ; IGNORE_CARRY                    ;
; AUTO_CASCADE_CHAINS    ; ON                ; AUTO_CASCADE                    ;
; IGNORE_CASCADE_BUFFERS ; OFF               ; IGNORE_CASCADE                  ;
; LPM_WIDTH              ; 14                ; Untyped                         ;
; LPM_DIRECTION          ; DEFAULT           ; Untyped                         ;
; LPM_MODULUS            ; 0                 ; Untyped                         ;
; LPM_AVALUE             ; UNUSED            ; Untyped                         ;
; LPM_SVALUE             ; UNUSED            ; Untyped                         ;
; LPM_PORT_UPDOWN        ; PORT_CONNECTIVITY ; Untyped                         ;
; DEVICE_FAMILY          ; ACEX1K            ; Untyped                         ;
; CARRY_CHAIN            ; MANUAL            ; Untyped                         ;
; CARRY_CHAIN_LENGTH     ; 48                ; CARRY_CHAIN_LENGTH              ;
; NOT_GATE_PUSH_BACK     ; ON                ; NOT_GATE_PUSH_BACK              ;
; CARRY_CNT_EN           ; SMART             ; Untyped                         ;
; LABWIDE_SCLR           ; ON                ; Untyped                         ;
; USE_NEW_VERSION        ; TRUE              ; Untyped                         ;
; CBXI_PARAMETER         ; NOTHING           ; Untyped                         ;
+------------------------+-------------------+---------------------------------+
Note: In order to hide this table in the UI and the text report file, please set the "Show Parameter Settings Tables in Synthesis Report" option in "Analysis and Synthesis Settings -> More Settings" to "Off".


+------------------------------------------------------------------------------+
; Parameter Settings for Inferred Entity Instance: quad:q1|lpm_counter:c_rtl_2 ;
+------------------------+-------------------+---------------------------------+
; Parameter Name         ; Value             ; Type                            ;
+------------------------+-------------------+---------------------------------+
; AUTO_CARRY_CHAINS      ; ON                ; AUTO_CARRY                      ;
; IGNORE_CARRY_BUFFERS   ; OFF               ; IGNORE_CARRY                    ;
; AUTO_CASCADE_CHAINS    ; ON                ; AUTO_CASCADE                    ;
; IGNORE_CASCADE_BUFFERS ; OFF               ; IGNORE_CASCADE                  ;
; LPM_WIDTH              ; 14                ; Untyped                         ;
; LPM_DIRECTION          ; DEFAULT           ; Untyped                         ;
; LPM_MODULUS            ; 0                 ; Untyped                         ;
; LPM_AVALUE             ; UNUSED            ; Untyped                         ;
; LPM_SVALUE             ; UNUSED            ; Untyped                         ;
; LPM_PORT_UPDOWN        ; PORT_CONNECTIVITY ; Untyped                         ;
; DEVICE_FAMILY          ; ACEX1K            ; Untyped                         ;
; CARRY_CHAIN            ; MANUAL            ; Untyped                         ;
; CARRY_CHAIN_LENGTH     ; 48                ; CARRY_CHAIN_LENGTH              ;
; NOT_GATE_PUSH_BACK     ; ON                ; NOT_GATE_PUSH_BACK              ;
; CARRY_CNT_EN           ; SMART             ; Untyped                         ;
; LABWIDE_SCLR           ; ON                ; Untyped                         ;
; USE_NEW_VERSION        ; TRUE              ; Untyped                         ;
; CBXI_PARAMETER         ; NOTHING           ; Untyped                         ;
+------------------------+-------------------+---------------------------------+
Note: In order to hide this table in the UI and the text report file, please set the "Show Parameter Settings Tables in Synthesis Report" option in "Analysis and Synthesis Settings -> More Settings" to "Off".


+------------------------------------------------------------------------------+
; Parameter Settings for Inferred Entity Instance: quad:q2|lpm_counter:c_rtl_3 ;
+------------------------+-------------------+---------------------------------+
; Parameter Name         ; Value             ; Type                            ;
+------------------------+-------------------+---------------------------------+
; AUTO_CARRY_CHAINS      ; ON                ; AUTO_CARRY                      ;
; IGNORE_CARRY_BUFFERS   ; OFF               ; IGNORE_CARRY                    ;
; AUTO_CASCADE_CHAINS    ; ON                ; AUTO_CASCADE                    ;
; IGNORE_CASCADE_BUFFERS ; OFF               ; IGNORE_CASCADE                  ;
; LPM_WIDTH              ; 14                ; Untyped                         ;
; LPM_DIRECTION          ; DEFAULT           ; Untyped                         ;
; LPM_MODULUS            ; 0                 ; Untyped                         ;
; LPM_AVALUE             ; UNUSED            ; Untyped                         ;
; LPM_SVALUE             ; UNUSED            ; Untyped                         ;
; LPM_PORT_UPDOWN        ; PORT_CONNECTIVITY ; Untyped                         ;
; DEVICE_FAMILY          ; ACEX1K            ; Untyped                         ;
; CARRY_CHAIN            ; MANUAL            ; Untyped                         ;
; CARRY_CHAIN_LENGTH     ; 48                ; CARRY_CHAIN_LENGTH              ;
; NOT_GATE_PUSH_BACK     ; ON                ; NOT_GATE_PUSH_BACK              ;
; CARRY_CNT_EN           ; SMART             ; Untyped                         ;
; LABWIDE_SCLR           ; ON                ; Untyped                         ;
; USE_NEW_VERSION        ; TRUE              ; Untyped                         ;
; CBXI_PARAMETER         ; NOTHING           ; Untyped                         ;
+------------------------+-------------------+---------------------------------+
Note: In order to hide this table in the UI and the text report file, please set the "Show Parameter Settings Tables in Synthesis Report" option in "Analysis and Synthesis Settings -> More Settings" to "Off".


+------------------------------------------------------------------------------+
; Parameter Settings for Inferred Entity Instance: quad:q3|lpm_counter:c_rtl_4 ;
+------------------------+-------------------+---------------------------------+
; Parameter Name         ; Value             ; Type                            ;
+------------------------+-------------------+---------------------------------+
; AUTO_CARRY_CHAINS      ; ON                ; AUTO_CARRY                      ;
; IGNORE_CARRY_BUFFERS   ; OFF               ; IGNORE_CARRY                    ;
; AUTO_CASCADE_CHAINS    ; ON                ; AUTO_CASCADE                    ;
; IGNORE_CASCADE_BUFFERS ; OFF               ; IGNORE_CASCADE                  ;
; LPM_WIDTH              ; 14                ; Untyped                         ;
; LPM_DIRECTION          ; DEFAULT           ; Untyped                         ;
; LPM_MODULUS            ; 0                 ; Untyped                         ;
; LPM_AVALUE             ; UNUSED            ; Untyped                         ;
; LPM_SVALUE             ; UNUSED            ; Untyped                         ;
; LPM_PORT_UPDOWN        ; PORT_CONNECTIVITY ; Untyped                         ;
; DEVICE_FAMILY          ; ACEX1K            ; Untyped                         ;
; CARRY_CHAIN            ; MANUAL            ; Untyped                         ;
; CARRY_CHAIN_LENGTH     ; 48                ; CARRY_CHAIN_LENGTH              ;
; NOT_GATE_PUSH_BACK     ; ON                ; NOT_GATE_PUSH_BACK              ;
; CARRY_CNT_EN           ; SMART             ; Untyped                         ;
; LABWIDE_SCLR           ; ON                ; Untyped                         ;
; USE_NEW_VERSION        ; TRUE              ; Untyped                         ;
; CBXI_PARAMETER         ; NOTHING           ; Untyped                         ;
+------------------------+-------------------+---------------------------------+
Note: In order to hide this table in the UI and the text report file, please set the "Show Parameter Settings Tables in Synthesis Report" option in "Analysis and Synthesis Settings -> More Settings" to "Off".


+-------------------------------------------------------------------+
; Parameter Settings for Inferred Entity Instance: lpm_add_sub:Add2 ;
+------------------------+-------------+----------------------------+
; Parameter Name         ; Value       ; Type                       ;
+------------------------+-------------+----------------------------+
; LPM_WIDTH              ; 5           ; Untyped                    ;
; LPM_REPRESENTATION     ; UNSIGNED    ; Untyped                    ;
; LPM_DIRECTION          ; ADD         ; Untyped                    ;
; ONE_INPUT_IS_CONSTANT  ; YES         ; Untyped                    ;
; LPM_PIPELINE           ; 0           ; Untyped                    ;
; MAXIMIZE_SPEED         ; 5           ; Untyped                    ;
; REGISTERED_AT_END      ; 0           ; Untyped                    ;
; OPTIMIZE_FOR_SPEED     ; 1           ; Untyped                    ;
; USE_CS_BUFFERS         ; 1           ; Untyped                    ;
; CARRY_CHAIN            ; MANUAL      ; Untyped                    ;
; CARRY_CHAIN_LENGTH     ; 48          ; CARRY_CHAIN_LENGTH         ;
; DEVICE_FAMILY          ; ACEX1K      ; Untyped                    ;
; USE_WYS                ; OFF         ; Untyped                    ;
; STYLE                  ; FAST        ; Untyped                    ;
; CBXI_PARAMETER         ; add_sub_llh ; Untyped                    ;
; AUTO_CARRY_CHAINS      ; ON          ; AUTO_CARRY                 ;
; IGNORE_CARRY_BUFFERS   ; OFF         ; IGNORE_CARRY               ;
; AUTO_CASCADE_CHAINS    ; ON          ; AUTO_CASCADE               ;
; IGNORE_CASCADE_BUFFERS ; OFF         ; IGNORE_CASCADE             ;
+------------------------+-------------+----------------------------+
Note: In order to hide this table in the UI and the text report file, please set the "Show Parameter Settings Tables in Synthesis Report" option in "Analysis and Synthesis Settings -> More Settings" to "Off".


+-------------------------------------------------------------------------------------------------------------------+
; Port Connectivity Checks: "quad:q3"                                                                               ;
+---------+--------+----------+-------------------------------------------------------------------------------------+
; Port    ; Type   ; Severity ; Details                                                                             ;
+---------+--------+----------+-------------------------------------------------------------------------------------+
; out[28] ; Output ; Info     ; Connected to dangling logic. Logic that only feeds a dangling port will be removed. ;
+---------+--------+----------+-------------------------------------------------------------------------------------+


+-------------------------------------------------------------------------------------------------------------------+
; Port Connectivity Checks: "quad:q2"                                                                               ;
+---------+--------+----------+-------------------------------------------------------------------------------------+
; Port    ; Type   ; Severity ; Details                                                                             ;
+---------+--------+----------+-------------------------------------------------------------------------------------+
; out[28] ; Output ; Info     ; Connected to dangling logic. Logic that only feeds a dangling port will be removed. ;
+---------+--------+----------+-------------------------------------------------------------------------------------+


+-------------------------------------------------------------------------------------------------------------------+
; Port Connectivity Checks: "quad:q1"                                                                               ;
+---------+--------+----------+-------------------------------------------------------------------------------------+
; Port    ; Type   ; Severity ; Details                                                                             ;
+---------+--------+----------+-------------------------------------------------------------------------------------+
; out[28] ; Output ; Info     ; Connected to dangling logic. Logic that only feeds a dangling port will be removed. ;
+---------+--------+----------+-------------------------------------------------------------------------------------+


+-------------------------------------------------------------------------------------------------------------------+
; Port Connectivity Checks: "quad:q0"                                                                               ;
+---------+--------+----------+-------------------------------------------------------------------------------------+
; Port    ; Type   ; Severity ; Details                                                                             ;
+---------+--------+----------+-------------------------------------------------------------------------------------+
; out[28] ; Output ; Info     ; Connected to dangling logic. Logic that only feeds a dangling port will be removed. ;
+---------+--------+----------+-------------------------------------------------------------------------------------+


+-------------------------------+
; Analysis & Synthesis Messages ;
+-------------------------------+
Info: *******************************************************************
Info: Running Quartus II Analysis & Synthesis
    Info: Version 9.0 Build 235 06/17/2009 Service Pack 2 SJ Web Edition
    Info: Processing started: Thu Jan 23 14:12:29 2014
Info: Command: quartus_map --read_settings_files=on --write_settings_files=off test-pluto-spi -c pluto-spi
Info: Found 1 design units, including 1 entities, in source file //Gauner/matsche/src/CAM-CNC-usw/linuxcnc/tinkercnc/linuxcnc-mirror/src/hal/drivers/RaspberryPi/pluto_spi_servo_firmware/wdt.v
    Info: Found entity 1: wdt
Info: Found 1 design units, including 1 entities, in source file //Gauner/matsche/src/CAM-CNC-usw/linuxcnc/tinkercnc/linuxcnc-mirror/src/hal/drivers/RaspberryPi/pluto_spi_servo_firmware/quad.v
    Info: Found entity 1: quad
Info: Found 2 design units, including 2 entities, in source file //Gauner/matsche/src/CAM-CNC-usw/linuxcnc/tinkercnc/linuxcnc-mirror/src/hal/drivers/RaspberryPi/pluto_spi_servo_firmware/spi_servo_rspi.v
    Info: Found entity 1: OC_Buff
    Info: Found entity 2: pluto_spi_rspi
Info: Elaborating entity "pluto_spi_rspi" for the top level hierarchy
Warning (10036): Verilog HDL or VHDL warning at spi_servo_rspi.v(96): object "qtest" assigned a value but never read
Warning (10036): Verilog HDL or VHDL warning at spi_servo_rspi.v(113): object "SCK_high" assigned a value but never read
Warning (10036): Verilog HDL or VHDL warning at spi_servo_rspi.v(120): object "SSEL_endmessage" assigned a value but never read
Info: Elaborating entity "OC_Buff" for hierarchy "OC_Buff:ocout[0]"
Info: Elaborating entity "quad" for hierarchy "quad:q0"
Info: Inferred 5 megafunctions from design logic
    Info: Inferred lpm_counter megafunction (LPM_WIDTH=11) from the following logic: "pwmcnt[0]~11"
    Info: Inferred lpm_counter megafunction (LPM_WIDTH=14) from the following logic: "quad:q0|c[0]~14"
    Info: Inferred lpm_counter megafunction (LPM_WIDTH=14) from the following logic: "quad:q1|c[0]~14"
    Info: Inferred lpm_counter megafunction (LPM_WIDTH=14) from the following logic: "quad:q2|c[0]~14"
    Info: Inferred lpm_counter megafunction (LPM_WIDTH=14) from the following logic: "quad:q3|c[0]~14"
Info: Inferred 1 megafunctions from design logic
    Info: Inferred adder/subtractor megafunction ("lpm_add_sub") from the following logic: "Add2"
Info: Elaborated megafunction instantiation "lpm_counter:pwmcnt_rtl_0"
Info: Instantiated megafunction "lpm_counter:pwmcnt_rtl_0" with the following parameter:
    Info: Parameter "LPM_WIDTH" = "11"
    Info: Parameter "LPM_DIRECTION" = "UP"
    Info: Parameter "LPM_TYPE" = "LPM_COUNTER"
Info: Elaborated megafunction instantiation "lpm_counter:pwmcnt_rtl_0|alt_counter_f10ke:wysi_counter", which is child of megafunction instantiation "lpm_counter:pwmcnt_rtl_0"
Info: Elaborated megafunction instantiation "quad:q0|lpm_counter:c_rtl_1"
Info: Instantiated megafunction "quad:q0|lpm_counter:c_rtl_1" with the following parameter:
    Info: Parameter "LPM_WIDTH" = "14"
    Info: Parameter "LPM_DIRECTION" = "UNUSED"
    Info: Parameter "LPM_TYPE" = "LPM_COUNTER"
Info: Elaborated megafunction instantiation "quad:q0|lpm_counter:c_rtl_1|alt_counter_f10ke:wysi_counter", which is child of megafunction instantiation "quad:q0|lpm_counter:c_rtl_1"
Info: Elaborated megafunction instantiation "lpm_add_sub:Add2"
Info: Instantiated megafunction "lpm_add_sub:Add2" with the following parameter:
    Info: Parameter "LPM_WIDTH" = "5"
    Info: Parameter "LPM_DIRECTION" = "ADD"
    Info: Parameter "LPM_REPRESENTATION" = "UNSIGNED"
    Info: Parameter "ONE_INPUT_IS_CONSTANT" = "YES"
Info: Elaborated megafunction instantiation "lpm_add_sub:Add2|addcore:adder", which is child of megafunction instantiation "lpm_add_sub:Add2"
Info: Elaborated megafunction instantiation "lpm_add_sub:Add2|addcore:adder|a_csnbuffer:oflow_node", which is child of megafunction instantiation "lpm_add_sub:Add2"
Info: Elaborated megafunction instantiation "lpm_add_sub:Add2|addcore:adder|a_csnbuffer:result_node", which is child of megafunction instantiation "lpm_add_sub:Add2"
Info: Elaborated megafunction instantiation "lpm_add_sub:Add2|altshift:result_ext_latency_ffs", which is child of megafunction instantiation "lpm_add_sub:Add2"
Info: Elaborated megafunction instantiation "lpm_add_sub:Add2|altshift:carry_ext_latency_ffs", which is child of megafunction instantiation "lpm_add_sub:Add2"
Warning: Removed fan-outs from the following always-disabled I/O buffers
    Warning: Removed fan-out from the always-disabled I/O buffer "up[0]" to the node "up[0]"
    Warning: Removed fan-out from the always-disabled I/O buffer "up[1]" to the node "up[1]"
    Warning: Removed fan-out from the always-disabled I/O buffer "up[2]" to the node "up[2]"
    Warning: Removed fan-out from the always-disabled I/O buffer "up[3]" to the node "up[3]"
    Warning: Removed fan-out from the always-disabled I/O buffer "down[0]" to the node "down[0]"
    Warning: Removed fan-out from the always-disabled I/O buffer "down[1]" to the node "down[1]"
    Warning: Removed fan-out from the always-disabled I/O buffer "down[2]" to the node "down[2]"
    Warning: Removed fan-out from the always-disabled I/O buffer "down[3]" to the node "down[3]"
    Warning: Removed fan-out from the always-disabled I/O buffer "dout[0]" to the node "dout[0]"
    Warning: Removed fan-out from the always-disabled I/O buffer "dout[1]" to the node "dout[1]"
    Warning: Removed fan-out from the always-disabled I/O buffer "dout[2]" to the node "dout[2]"
    Warning: Removed fan-out from the always-disabled I/O buffer "dout[3]" to the node "dout[3]"
    Warning: Removed fan-out from the always-disabled I/O buffer "dout[4]" to the node "dout[4]"
    Warning: Removed fan-out from the always-disabled I/O buffer "dout[5]" to the node "dout[5]"
    Warning: Removed fan-out from the always-disabled I/O buffer "dout[6]" to the node "dout[6]"
    Warning: Removed fan-out from the always-disabled I/O buffer "dout[7]" to the node "dout[7]"
    Warning: Removed fan-out from the always-disabled I/O buffer "dout[8]" to the node "dout[8]"
    Warning: Removed fan-out from the always-disabled I/O buffer "dout[9]" to the node "dout[9]"
Warning: Output pins are stuck at VCC or GND
    Warning (13410): Pin "nPE" is stuck at VCC
Info: Implemented 581 device resources after synthesis - the final resource count might be different
    Info: Implemented 25 input pins
    Info: Implemented 22 output pins
    Info: Implemented 534 logic cells
Info: Quartus II Analysis & Synthesis was successful. 0 errors, 24 warnings
    Info: Peak virtual memory: 177 megabytes
    Info: Processing ended: Thu Jan 23 14:12:49 2014
    Info: Elapsed time: 00:00:20
    Info: Total CPU time (on all processors): 00:00:13


