Flow report for pluto-spi
Thu Jan 23 14:13:14 2014
Quartus II Version 9.0 Build 235 06/17/2009 Service Pack 2 SJ Web Edition


---------------------
; Table of Contents ;
---------------------
  1. Legal Notice
  2. Flow Summary
  3. Flow Settings
  4. Flow Non-Default Global Settings
  5. Flow Elapsed Time
  6. Flow OS Summary
  7. Flow Log



----------------
; Legal Notice ;
----------------
Copyright (C) 1991-2009 Altera Corporation
Your use of Altera Corporation's design tools, logic functions 
and other software and tools, and its AMPP partner logic 
functions, and any output files from any of the foregoing 
(including device programming or simulation files), and any 
associated documentation or information are expressly subject 
to the terms and conditions of the Altera Program License 
Subscription Agreement, Altera MegaCore Function License 
Agreement, or other applicable license agreement, including, 
without limitation, that your use is for the sole purpose of 
programming logic devices manufactured by Altera and sold by 
Altera or its authorized distributors.  Please refer to the 
applicable agreement for further details.



+------------------------------------------------------------------------+
; Flow Summary                                                           ;
+-------------------------+----------------------------------------------+
; Flow Status             ; Successful - Thu Jan 23 14:13:13 2014        ;
; Quartus II Version      ; 9.0 Build 235 06/17/2009 SP 2 SJ Web Edition ;
; Revision Name           ; pluto-spi                                    ;
; Top-level Entity Name   ; pluto_spi_rspi                               ;
; Family                  ; ACEX1K                                       ;
; Device                  ; EP1K10TC100-3                                ;
; Timing Models           ; Final                                        ;
; Met timing requirements ; Yes                                          ;
; Total logic elements    ; 535 / 576 ( 93 % )                           ;
; Total pins              ; 47 / 66 ( 71 % )                             ;
; Total memory bits       ; 0 / 12,288 ( 0 % )                           ;
; Total PLLs              ; 0                                            ;
+-------------------------+----------------------------------------------+


+-----------------------------------------+
; Flow Settings                           ;
+-------------------+---------------------+
; Option            ; Setting             ;
+-------------------+---------------------+
; Start date & time ; 01/23/2014 14:12:30 ;
; Main task         ; Compilation         ;
; Revision Name     ; pluto-spi           ;
+-------------------+---------------------+


+----------------------------------------------------------------------------------------------------------------------------------------------------------------------------------------------------------------------------+
; Flow Non-Default Global Settings                                                                                                                                                                                           ;
+------------------------------------+----------------------------------------------------------------------------------------------------------------------------------------+---------------+-------------+----------------+
; Assignment Name                    ; Value                                                                                                                                  ; Default Value ; Entity Name ; Section Id     ;
+------------------------------------+----------------------------------------------------------------------------------------------------------------------------------------+---------------+-------------+----------------+
; COMPILER_SIGNATURE_ID              ; 34583733490.139048275003036                                                                                                            ; --            ; --          ; --             ;
; MAX_CORE_JUNCTION_TEMP             ; 85                                                                                                                                     ; --            ; --          ; --             ;
; MIN_CORE_JUNCTION_TEMP             ; 0                                                                                                                                      ; --            ; --          ; --             ;
; MISC_FILE                          ; \\GAUNER\matsche\src\fpga\altera\spi\pluto-spi.dpf                                                                                     ; --            ; --          ; --             ;
; MISC_FILE                          ; \\GAUNER\matsche\src\fpga\altera\spi\test\pluto-spi.dpf                                                                                ; --            ; --          ; --             ;
; MISC_FILE                          ; \\Gauner\matsche\src\CAM-CNC-usw\linuxcnc\tinkercnc\linuxcnc-mirror\src\hal\drivers\RaspberryPi\pluto_spi_servo_firmware\pluto-spi.dpf ; --            ; --          ; --             ;
; TOP_LEVEL_ENTITY                   ; pluto_spi_rspi                                                                                                                         ; pluto-spi     ; --          ; --             ;
; USE_GENERATED_PHYSICAL_CONSTRAINTS ; Off                                                                                                                                    ; --            ; --          ; eda_blast_fpga ;
+------------------------------------+----------------------------------------------------------------------------------------------------------------------------------------+---------------+-------------+----------------+


+-----------------------------------------------------------------------------------------------------------------------------+
; Flow Elapsed Time                                                                                                           ;
+-------------------------+--------------+-------------------------+---------------------+------------------------------------+
; Module Name             ; Elapsed Time ; Average Processors Used ; Peak Virtual Memory ; Total CPU Time (on all processors) ;
+-------------------------+--------------+-------------------------+---------------------+------------------------------------+
; Analysis & Synthesis    ; 00:00:20     ; 1.0                     ; 177 MB              ; 00:00:13                           ;
; Fitter                  ; 00:00:13     ; 1.0                     ; 144 MB              ; 00:00:11                           ;
; Assembler               ; 00:00:02     ; 1.0                     ; 145 MB              ; 00:00:01                           ;
; Classic Timing Analyzer ; 00:00:01     ; 1.0                     ; 117 MB              ; 00:00:01                           ;
; Total                   ; 00:00:36     ; --                      ; --                  ; 00:00:26                           ;
+-------------------------+--------------+-------------------------+---------------------+------------------------------------+


+---------------------------------------------------------------------------------------+
; Flow OS Summary                                                                       ;
+-------------------------+------------------+------------+------------+----------------+
; Module Name             ; Machine Hostname ; OS Name    ; OS Version ; Processor type ;
+-------------------------+------------------+------------+------------+----------------+
; Analysis & Synthesis    ; toshprey         ; Windows XP ; 5.1        ; i686           ;
; Fitter                  ; toshprey         ; Windows XP ; 5.1        ; i686           ;
; Assembler               ; toshprey         ; Windows XP ; 5.1        ; i686           ;
; Classic Timing Analyzer ; toshprey         ; Windows XP ; 5.1        ; i686           ;
+-------------------------+------------------+------------+------------+----------------+


------------
; Flow Log ;
------------
quartus_map --read_settings_files=on --write_settings_files=off test-pluto-spi -c pluto-spi
quartus_fit --read_settings_files=off --write_settings_files=off test-pluto-spi -c pluto-spi
quartus_asm --read_settings_files=off --write_settings_files=off test-pluto-spi -c pluto-spi
quartus_tan --read_settings_files=off --write_settings_files=off test-pluto-spi -c pluto-spi



